[debug] [2021-02-10T08:52:56.490Z] ----------------------------------------------------------------------
[debug] [2021-02-10T08:52:56.496Z] Command:       C:\Program Files\nodejs\node.exe C:\Users\sanjay\AppData\Roaming\npm\node_modules\firebase-tools\lib\bin\firebase.js init
[debug] [2021-02-10T08:52:56.497Z] CLI Version:   9.3.0
[debug] [2021-02-10T08:52:56.497Z] Platform:      win32
[debug] [2021-02-10T08:52:56.497Z] Node Version:  v14.15.4
[debug] [2021-02-10T08:52:56.500Z] Time:          Wed Feb 10 2021 14:22:56 GMT+0530 (India Standard Time)
[debug] [2021-02-10T08:52:56.500Z] ----------------------------------------------------------------------
[debug] [2021-02-10T08:52:56.501Z] 
[debug] [2021-02-10T08:52:56.515Z] > command requires scopes: ["email","openid","https://www.googleapis.com/auth/cloudplatformprojects.readonly","https://www.googleapis.com/auth/firebase","https://www.googleapis.com/auth/cloud-platform"]
[debug] [2021-02-10T08:52:56.517Z] > authorizing via signed-in user
[info] 
     ######## #### ########  ######## ########     ###     ######  ########
     ##        ##  ##     ## ##       ##     ##  ##   ##  ##       ##
     ######    ##  ########  ######   ########  #########  ######  ######
     ##        ##  ##    ##  ##       ##     ## ##     ##       ## ##
     ##       #### ##     ## ######## ########  ##     ##  ######  ########

You're about to initialize a Firebase project in this directory:

  C:\Users\sanjay\Downloads\firstreactapp-master\firstreactapp-master

[info] 
=== Project Setup
[info] 
[info] First, let's associate this project directory with a Firebase project.
[info] You can create multiple project aliases by running firebase use --add, 
[info] but for now we'll just set up a default project.
[info] 
[debug] [2021-02-10T08:53:15.077Z] >>> [apiv2][query] GET https://firebase.googleapis.com/v1beta1/projects pageSize=100
[debug] [2021-02-10T08:53:16.423Z] <<< [apiv2][status] GET https://firebase.googleapis.com/v1beta1/projects 200
[debug] [2021-02-10T08:53:16.423Z] <<< [apiv2][body] GET https://firebase.googleapis.com/v1beta1/projects [omitted]
[info] i  Using project sampleitweb (SampleITweb) 
[info] 
=== Hosting Setup
[info] 
[info] Your public directory is the folder (relative to your project directory) that
[info] will contain Hosting assets to be uploaded with firebase deploy. If you
[info] have a build process for your assets, use your build's output directory.
[info] 
[debug] [2021-02-10T08:54:31.030Z] >>> [apiv2][query] GET https://www.gstatic.com/firebasejs/releases.json [none]
[debug] [2021-02-10T08:54:31.979Z] <<< [apiv2][status] GET https://www.gstatic.com/firebasejs/releases.json 200
[debug] [2021-02-10T08:54:31.979Z] <<< [apiv2][body] GET https://www.gstatic.com/firebasejs/releases.json {"current":{"version":"8.2.6","browserURL":"https://www.gstatic.com/firebasejs/8.2.6/firebase.js","packageURL":"https://www.gstatic.com/firebasejs/8.2.6/firebase.tgz"},"live":{"version":"8.2","browserURL":"https://www.gstatic.com/firebasejs/live/8.2/firebase.js","packageURL":"https://www.gstatic.com/firebasejs/live/8.2/firebase.tgz"},"components":{"analytics":"https://www.gstatic.com/firebasejs/8.2.6/firebase-analytics.js","app":"https://www.gstatic.com/firebasejs/8.2.6/firebase-app.js","auth":"https://www.gstatic.com/firebasejs/8.2.6/firebase-auth.js","database":"https://www.gstatic.com/firebasejs/8.2.6/firebase-database.js","firestore":"https://www.gstatic.com/firebasejs/8.2.6/firebase-firestore.js","functions":"https://www.gstatic.com/firebasejs/8.2.6/firebase-functions.js","installations":"https://www.gstatic.com/firebasejs/8.2.6/firebase-installations.js","messaging":"https://www.gstatic.com/firebasejs/8.2.6/firebase-messaging.js","storage":"https://www.gstatic.com/firebasejs/8.2.6/firebase-storage.js","performance":"https://www.gstatic.com/firebasejs/8.2.6/firebase-performance.js","remote-config":"https://www.gstatic.com/firebasejs/8.2.6/firebase-remote-config.js","firestore.memory":"https://www.gstatic.com/firebasejs/8.2.6/firebase-firestore.memory.js"}}
[info] i  Skipping write of public/index.html 
[info] 
[info] i  Didn't detect a .git folder. Assuming C:\Users\sanjay\Downloads\firstreactapp-master\firstreactapp-master is the project root. 
[info] i  Authorizing with GitHub to upload your service account to a GitHub repository's secrets store. 
[info] 
[info] Visit this URL on this device to log in:
[info] https://github.com/login/oauth/authorize?client_id=89cf50f02ac6aaed3484&state=435687902&redirect_uri=http%3A%2F%2Flocalhost%3A9005&scope=read%3Auser%20repo%20public_repo
[info] 
[info] Waiting for authentication...
[debug] [2021-02-10T08:56:00.799Z] >>> HTTP REQUEST POST https://github.com/login/oauth/access_token  
 {"client_id":"89cf50f02ac6aaed3484","client_secret":"3330d14abc895d9a74d5f17cd7a00711fa2c5bf0","code":"a2769b1e7f805ef88c5d","redirect_uri":"http://localhost:9005","state":"435687902"}
[debug] [2021-02-10T08:56:01.889Z] <<< HTTP RESPONSE 200 {"date":"Wed, 10 Feb 2021 08:56:04 GMT","content-type":"application/json; charset=utf-8","transfer-encoding":"chunked","server":"GitHub.com","vary":"X-PJAX, Accept-Encoding, Accept, X-Requested-With, Accept-Encoding","etag":"W/\"09e0442e42dc3a619fe8bfbd2aab8aaa\"","cache-control":"max-age=0, private, must-revalidate","strict-transport-security":"max-age=31536000; includeSubdomains; preload","x-frame-options":"deny","x-content-type-options":"nosniff","x-xss-protection":"1; mode=block","referrer-policy":"origin-when-cross-origin, strict-origin-when-cross-origin","expect-ct":"max-age=2592000, report-uri=\"https://api.github.com/_private/browser/errors\"","content-security-policy":"default-src 'none'; base-uri 'self'; block-all-mixed-content; connect-src 'self' uploads.github.com www.githubstatus.com collector.githubapp.com api.github.com github-cloud.s3.amazonaws.com github-production-repository-file-5c1aeb.s3.amazonaws.com github-production-upload-manifest-file-7fdce7.s3.amazonaws.com github-production-user-asset-6210df.s3.amazonaws.com cdn.optimizely.com logx.optimizely.com/v1/events wss://alive.github.com; font-src github.githubassets.com; form-action 'self' github.com gist.github.com; frame-ancestors 'none'; frame-src render.githubusercontent.com; img-src 'self' data: github.githubassets.com identicons.github.com collector.githubapp.com github-cloud.s3.amazonaws.com *.githubusercontent.com; manifest-src 'self'; media-src 'none'; script-src github.githubassets.com; style-src 'unsafe-inline' github.githubassets.com; worker-src github.com/socket-worker-5029ae85.js gist.github.com/socket-worker-5029ae85.js","x-github-request-id":"CBF2:772A:63EF92:6E6D7F:60239FA4"}
[debug] [2021-02-10T08:56:01.890Z] >>> [apiv2][query] GET https://api.github.com/user [none]
[debug] [2021-02-10T08:56:03.117Z] <<< [apiv2][status] GET https://api.github.com/user 200
[debug] [2021-02-10T08:56:03.117Z] <<< [apiv2][body] GET https://api.github.com/user {"login":"sanjaysaravana","id":78069283,"node_id":"MDQ6VXNlcjc4MDY5Mjgz","avatar_url":"https://avatars.githubusercontent.com/u/78069283?v=4","gravatar_id":"","url":"https://api.github.com/users/sanjaysaravana","html_url":"https://github.com/sanjaysaravana","followers_url":"https://api.github.com/users/sanjaysaravana/followers","following_url":"https://api.github.com/users/sanjaysaravana/following{/other_user}","gists_url":"https://api.github.com/users/sanjaysaravana/gists{/gist_id}","starred_url":"https://api.github.com/users/sanjaysaravana/starred{/owner}{/repo}","subscriptions_url":"https://api.github.com/users/sanjaysaravana/subscriptions","organizations_url":"https://api.github.com/users/sanjaysaravana/orgs","repos_url":"https://api.github.com/users/sanjaysaravana/repos","events_url":"https://api.github.com/users/sanjaysaravana/events{/privacy}","received_events_url":"https://api.github.com/users/sanjaysaravana/received_events","type":"User","site_admin":false,"name":null,"company":null,"blog":"","location":null,"email":null,"hireable":null,"bio":null,"twitter_username":null,"public_repos":1,"public_gists":0,"followers":0,"following":1,"created_at":"2021-01-27T06:15:46Z","updated_at":"2021-02-10T08:55:16Z","private_gists":0,"total_private_repos":0,"owned_private_repos":0,"disk_usage":0,"collaborators":0,"two_factor_authentication":false,"plan":{"name":"free","space":976562499,"collaborators":0,"private_repos":10000}}
[info] 
[info] +  Success! Logged into GitHub as sanjaysaravana 
[info] 
[debug] [2021-02-10T08:56:08.870Z] >>> [apiv2][query] GET https://api.github.com/repos//actions/secrets/public-key type=owner
[debug] [2021-02-10T08:56:10.080Z] <<< [apiv2][status] GET https://api.github.com/repos//actions/secrets/public-key 404
[debug] [2021-02-10T08:56:10.080Z] <<< [apiv2][body] GET https://api.github.com/repos//actions/secrets/public-key {"message":"Not Found","documentation_url":"https://docs.github.com/rest"}
[debug] [2021-02-10T08:57:03.871Z] >>> [apiv2][query] GET https://api.github.com/repos/sanjaysaravana/sampleitweb/actions/secrets/public-key type=owner
[debug] [2021-02-10T08:57:05.172Z] <<< [apiv2][status] GET https://api.github.com/repos/sanjaysaravana/sampleitweb/actions/secrets/public-key 404
[debug] [2021-02-10T08:57:05.172Z] <<< [apiv2][body] GET https://api.github.com/repos/sanjaysaravana/sampleitweb/actions/secrets/public-key {"message":"Not Found","documentation_url":"https://docs.github.com/rest/reference/actions#get-a-repository-public-key"}
